Traceback (most recent call last):
  File "/home/danbot2/code_5820/data_analysis/lib/python3.10/site-packages/jupyter_cache/executors/utils.py", line 58, in single_nb_execution
    executenb(
  File "/home/danbot2/code_5820/data_analysis/lib/python3.10/site-packages/nbclient/client.py", line 1305, in execute
    return NotebookClient(nb=nb, resources=resources, km=km, **kwargs).execute()
  File "/home/danbot2/code_5820/data_analysis/lib/python3.10/site-packages/jupyter_core/utils/__init__.py", line 166, in wrapped
    return loop.run_until_complete(inner)
  File "/usr/lib/python3.10/asyncio/base_events.py", line 649, in run_until_complete
    return future.result()
  File "/home/danbot2/code_5820/data_analysis/lib/python3.10/site-packages/nbclient/client.py", line 705, in async_execute
    await self.async_execute_cell(
  File "/home/danbot2/code_5820/data_analysis/lib/python3.10/site-packages/nbclient/client.py", line 1058, in async_execute_cell
    await self._check_raise_for_error(cell, cell_index, exec_reply)
  File "/home/danbot2/code_5820/data_analysis/lib/python3.10/site-packages/nbclient/client.py", line 914, in _check_raise_for_error
    raise CellExecutionError.from_cell_and_msg(cell, exec_reply_content)
nbclient.exceptions.CellExecutionError: An error occurred while executing the following cell:
------------------
import os
import geopandas as gpd
import pandas as pd
import numpy as np
import rioxarray as rxr
from shapely.geometry import Point
from time import time
from attribute_processing_functions import *

from bokeh.layouts import gridplot
from bokeh.plotting import figure, show
from bokeh.models import HoverTool, ColumnDataSource
from bokeh.io import output_notebook
output_notebook()
------------------


[0;31m---------------------------------------------------------------------------[0m
[0;31mImportError[0m                               Traceback (most recent call last)
Cell [0;32mIn[1], line 8[0m
[1;32m      6[0m [38;5;28;01mfrom[39;00m [38;5;21;01mshapely[39;00m[38;5;21;01m.[39;00m[38;5;21;01mgeometry[39;00m [38;5;28;01mimport[39;00m Point
[1;32m      7[0m [38;5;28;01mfrom[39;00m [38;5;21;01mtime[39;00m [38;5;28;01mimport[39;00m time
[0;32m----> 8[0m [38;5;28;01mfrom[39;00m [38;5;21;01mattribute_processing_functions[39;00m [38;5;28;01mimport[39;00m [38;5;241m*[39m
[1;32m     10[0m [38;5;28;01mfrom[39;00m [38;5;21;01mbokeh[39;00m[38;5;21;01m.[39;00m[38;5;21;01mlayouts[39;00m [38;5;28;01mimport[39;00m gridplot
[1;32m     11[0m [38;5;28;01mfrom[39;00m [38;5;21;01mbokeh[39;00m[38;5;21;01m.[39;00m[38;5;21;01mplotting[39;00m [38;5;28;01mimport[39;00m figure, show

File [0;32m~/code_5820/24/divergence_measures/docs/notebooks/attribute_processing_functions.py:14[0m
[1;32m     11[0m [38;5;28;01mimport[39;00m [38;5;21;01mrasterio[39;00m [38;5;28;01mas[39;00m [38;5;21;01mrio[39;00m
[1;32m     12[0m [38;5;28;01mimport[39;00m [38;5;21;01mrioxarray[39;00m [38;5;28;01mas[39;00m [38;5;21;01mrxr[39;00m
[0;32m---> 14[0m [38;5;28;01mfrom[39;00m [38;5;21;01mnumba[39;00m [38;5;28;01mimport[39;00m jit
[1;32m     15[0m [38;5;28;01mfrom[39;00m [38;5;21;01mscipy[39;00m[38;5;21;01m.[39;00m[38;5;21;01mstats[39;00m[38;5;21;01m.[39;00m[38;5;21;01mmstats[39;00m [38;5;28;01mimport[39;00m gmean
[1;32m     17[0m [38;5;28;01mdef[39;00m [38;5;21mretrieve_raster[39m(filename):

File [0;32m~/code_5820/data_analysis/lib/python3.10/site-packages/numba/__init__.py:55[0m
[1;32m     50[0m             msg [38;5;241m=[39m ([38;5;124m"[39m[38;5;124mNumba requires SciPy version 1.0 or greater. Got SciPy [39m[38;5;124m"[39m
[1;32m     51[0m                    [38;5;124mf[39m[38;5;124m"[39m[38;5;132;01m{[39;00mscipy[38;5;241m.[39m__version__[38;5;132;01m}[39;00m[38;5;124m.[39m[38;5;124m"[39m)
[1;32m     52[0m             [38;5;28;01mraise[39;00m [38;5;167;01mImportError[39;00m(msg)
[0;32m---> 55[0m [43m_ensure_critical_deps[49m[43m([49m[43m)[49m
[1;32m     56[0m [38;5;66;03m# END DO NOT MOVE[39;00m
[1;32m     57[0m [38;5;66;03m# ---------------------- WARNING WARNING WARNING ----------------------------[39;00m
[1;32m     60[0m [38;5;28;01mfrom[39;00m [38;5;21;01m.[39;00m[38;5;21;01m_version[39;00m [38;5;28;01mimport[39;00m get_versions

File [0;32m~/code_5820/data_analysis/lib/python3.10/site-packages/numba/__init__.py:42[0m, in [0;36m_ensure_critical_deps[0;34m()[0m
[1;32m     40[0m     [38;5;28;01mraise[39;00m [38;5;167;01mImportError[39;00m(msg)
[1;32m     41[0m [38;5;28;01melif[39;00m numpy_version [38;5;241m>[39m ([38;5;241m1[39m, [38;5;241m24[39m):
[0;32m---> 42[0m     [38;5;28;01mraise[39;00m [38;5;167;01mImportError[39;00m([38;5;124m"[39m[38;5;124mNumba needs NumPy 1.24 or less[39m[38;5;124m"[39m)
[1;32m     43[0m [38;5;28;01mtry[39;00m:
[1;32m     44[0m     [38;5;28;01mimport[39;00m [38;5;21;01mscipy[39;00m

[0;31mImportError[0m: Numba needs NumPy 1.24 or less

