Traceback (most recent call last):
  File "/home/danbot2/code_5820/data_analysis/lib/python3.10/site-packages/jupyter_cache/executors/utils.py", line 58, in single_nb_execution
    executenb(
  File "/home/danbot2/code_5820/data_analysis/lib/python3.10/site-packages/nbclient/client.py", line 1305, in execute
    return NotebookClient(nb=nb, resources=resources, km=km, **kwargs).execute()
  File "/home/danbot2/code_5820/data_analysis/lib/python3.10/site-packages/jupyter_core/utils/__init__.py", line 166, in wrapped
    return loop.run_until_complete(inner)
  File "/usr/lib/python3.10/asyncio/base_events.py", line 649, in run_until_complete
    return future.result()
  File "/home/danbot2/code_5820/data_analysis/lib/python3.10/site-packages/nbclient/client.py", line 705, in async_execute
    await self.async_execute_cell(
  File "/home/danbot2/code_5820/data_analysis/lib/python3.10/site-packages/nbclient/client.py", line 1058, in async_execute_cell
    await self._check_raise_for_error(cell, cell_index, exec_reply)
  File "/home/danbot2/code_5820/data_analysis/lib/python3.10/site-packages/nbclient/client.py", line 914, in _check_raise_for_error
    raise CellExecutionError.from_cell_and_msg(cell, exec_reply_content)
nbclient.exceptions.CellExecutionError: An error occurred while executing the following cell:
------------------
# the bitrate dictates the number of quantization levels = 2**b, i.e. 4 bits = 16 levels
quant_labels = []
if not os.path.exists(output_fpath):
    bitrates = [4, 6, 8, 9, 10, 11, 12]
    for bitrate in bitrates:
        label = f'H_{bitrate}_bits'
        print(f'Processing {bitrate} bit entropy')
        df[label] = df.apply(lambda row: dpf.compute_observed_series_entropy(row, bitrate), axis=1)
        quant_labels.append(label)
    # save the results
    df.to_csv(output_fpath, index=False)
else:
    df = pd.read_csv(output_fpath)
    quant_labels = [e for e in df.columns if e.startswith('H')]
------------------


[0;31m---------------------------------------------------------------------------[0m
[0;31mNameError[0m                                 Traceback (most recent call last)
Cell [0;32mIn[5], line 3[0m
[1;32m      1[0m [38;5;66;03m# the bitrate dictates the number of quantization levels = 2**b, i.e. 4 bits = 16 levels[39;00m
[1;32m      2[0m quant_labels [38;5;241m=[39m []
[0;32m----> 3[0m [38;5;28;01mif[39;00m [38;5;129;01mnot[39;00m os[38;5;241m.[39mpath[38;5;241m.[39mexists([43moutput_fpath[49m):
[1;32m      4[0m     bitrates [38;5;241m=[39m [[38;5;241m4[39m, [38;5;241m6[39m, [38;5;241m8[39m, [38;5;241m9[39m, [38;5;241m10[39m, [38;5;241m11[39m, [38;5;241m12[39m]
[1;32m      5[0m     [38;5;28;01mfor[39;00m bitrate [38;5;129;01min[39;00m bitrates:

[0;31mNameError[0m: name 'output_fpath' is not defined

